<?xml version="1.0" encoding="UTF-8"?>
<!-- Generated by org.testng.reporters.JUnitXMLReporter -->
<testsuite ignored="3" hostname="LAPTOP-63MUMDGS" failures="0" tests="1" name="Default test" time="179.372" errors="0" timestamp="2024-06-12T15:36:35 IST">
  <testcase classname="com.comast.crm.orgtest.CreateOrganizationTest" name="createOrgwithIndustries" time="9.014"/>
  <testcase classname="com.comast.crm.orgtest.CreateOrganizationTest" name="createOrgTest" time="0.0">
    <ignored/>
  </testcase> <!-- createOrgTest -->
  <testcase classname="com.comcast.crm.basetest.BaseClass" name="createContact" time="0.0">
    <ignored/>
  </testcase> <!-- createContact -->
  <testcase classname="com.comcast.crm.basetest.BaseClass" name="createContactWithDate" time="0.0">
    <ignored/>
  </testcase> <!-- createContactWithDate -->
</testsuite> <!-- Default test -->
