<?xml version="1.0" encoding="UTF-8"?>
<!-- Generated by org.testng.reporters.JUnitXMLReporter -->
<testsuite ignored="2" hostname="LAPTOP-63MUMDGS" failures="0" tests="8" name="TestRunner-firefox" time="4.149" errors="0" timestamp="2024-06-06T17:38:19 IST">
  <testcase classname="com.comast.crm.orgtest.CreateOrganizationTest" name="createOrgTest" time="0.001">
    <skipped/>
  </testcase> <!-- createOrgTest -->
  <testcase classname="com.comast.crm.orgtest.CreateOrganizationTest" name="createOrgwithIndustries" time="0.0">
    <skipped/>
  </testcase> <!-- createOrgwithIndustries -->
  <testcase classname="com.comcast.crm.basetest.BaseClass" name="createContact" time="0.0">
    <skipped/>
  </testcase> <!-- createContact -->
  <testcase classname="com.comcast.crm.basetest.BaseClass" name="createContactWithDate" time="0.0">
    <skipped/>
  </testcase> <!-- createContactWithDate -->
  <testcase classname="com.comast.crm.contacttest.CreateContactTest" name="createContactTest" time="0.001">
    <skipped/>
  </testcase> <!-- createContactTest -->
  <testcase classname="com.comast.crm.contacttest.CreateContactTest" name="createcontactWithsupportDateTest" time="0.001">
    <skipped/>
  </testcase> <!-- createcontactWithsupportDateTest -->
  <testcase classname="com.comcast.crm.basetest.BaseClass" name="createContact" time="0.0">
    <skipped/>
  </testcase> <!-- createContact -->
  <testcase classname="com.comcast.crm.basetest.BaseClass" name="createContactWithDate" time="0.0">
    <skipped/>
  </testcase> <!-- createContactWithDate -->
  <testcase classname="com.comcast.crm.basetest.BaseClass" name="@AfterSuite configAS" time="0.0">
    <ignored/>
  </testcase> <!-- @AfterSuite configAS -->
  <testcase classname="com.comcast.crm.basetest.BaseClass" name="@BeforeSuite configBS" time="0.0">
    <ignored/>
  </testcase> <!-- @BeforeSuite configBS -->
</testsuite> <!-- TestRunner-firefox -->
