<?xml version="1.0" encoding="UTF-8"?>
<!-- Generated by org.testng.reporters.JUnitXMLReporter -->
<testsuite ignored="3" hostname="LAPTOP-63MUMDGS" failures="1" tests="1" name="Test" time="11.639" errors="0" timestamp="2024-06-11T17:07:54 IST">
  <testcase classname="com.comast.crm.orgtest.CreateOrganizationTest" name="createOrgTest" time="0.029">
    <failure type="java.lang.NullPointerException" message="Cannot invoke &amp;quot;com.aventstack.extentreports.ExtentTest.log(com.aventstack.extentreports.Status, String)&amp;quot; because the return value of &amp;quot;com.comcast.crm.generic.webdriverutility.UtilityClassObject.getTest()&amp;quot; is null">
      <![CDATA[java.lang.NullPointerException: Cannot invoke "com.aventstack.extentreports.ExtentTest.log(com.aventstack.extentreports.Status, String)" because the return value of "com.comcast.crm.generic.webdriverutility.UtilityClassObject.getTest()" is null
at com.comast.crm.orgtest.CreateOrganizationTest.createOrgTest(CreateOrganizationTest.java:20)
at java.base/java.util.ArrayList.forEach(ArrayList.java:1596)
... Removed 25 stack frames]]>
    </failure>
  </testcase> <!-- createOrgTest -->
  <testcase classname="com.comast.crm.orgtest.CreateOrganizationTest" name="createOrgwithIndustries" time="0.0">
    <ignored/>
  </testcase> <!-- createOrgwithIndustries -->
  <testcase classname="com.comcast.crm.basetest.BaseClass" name="createContact" time="0.0">
    <ignored/>
  </testcase> <!-- createContact -->
  <testcase classname="com.comcast.crm.basetest.BaseClass" name="createContactWithDate" time="0.0">
    <ignored/>
  </testcase> <!-- createContactWithDate -->
</testsuite> <!-- Test -->
