<?xml version="1.0" encoding="UTF-8"?>
<testng-results ignored="0" total="1" passed="1" failed="0" skipped="0">
  <reporter-output>
  </reporter-output>
  <suite started-at="2024-06-12T15:33:36 IST" name="Default suite" finished-at="2024-06-12T15:36:35 IST" duration-ms="179372">
    <groups>
      <group name="regressionTest">
        <method signature="CreateOrganizationTest.createOrgwithIndustries()[pri:0, instance:com.comast.crm.orgtest.CreateOrganizationTest@76494737]" name="createOrgwithIndustries" class="com.comast.crm.orgtest.CreateOrganizationTest"/>
      </group> <!-- regressionTest -->
    </groups>
    <test started-at="2024-06-12T15:33:36 IST" name="Default test" finished-at="2024-06-12T15:36:35 IST" duration-ms="179372">
      <class name="com.comast.crm.orgtest.CreateOrganizationTest">
        <test-method is-config="true" signature="configBS()[pri:0, instance:com.comast.crm.orgtest.CreateOrganizationTest@76494737]" started-at="2024-06-12T15:28:41 IST" name="configBS" finished-at="2024-06-12T15:33:36 IST" duration-ms="294756" status="PASS">
          <reporter-output>
          </reporter-output>
        </test-method> <!-- configBS -->
        <test-method is-config="true" signature="configBC(java.lang.String)[pri:0, instance:com.comast.crm.orgtest.CreateOrganizationTest@76494737]" started-at="2024-06-12T15:33:36 IST" name="configBC" finished-at="2024-06-12T15:33:53 IST" duration-ms="16561" status="PASS">
          <params>
            <param index="0">
              <value>
                <![CDATA[chrome]]>
              </value>
            </param>
          </params>
          <reporter-output>
          </reporter-output>
        </test-method> <!-- configBC -->
        <test-method is-config="true" signature="configBM()[pri:0, instance:com.comast.crm.orgtest.CreateOrganizationTest@76494737]" started-at="2024-06-12T15:33:53 IST" name="configBM" finished-at="2024-06-12T15:35:32 IST" duration-ms="98824" status="PASS">
          <reporter-output>
          </reporter-output>
        </test-method> <!-- configBM -->
        <test-method signature="createOrgwithIndustries()[pri:0, instance:com.comast.crm.orgtest.CreateOrganizationTest@76494737]" started-at="2024-06-12T15:35:32 IST" name="createOrgwithIndustries" finished-at="2024-06-12T15:35:41 IST" duration-ms="9014" status="PASS">
          <reporter-output>
          </reporter-output>
        </test-method> <!-- createOrgwithIndustries -->
        <test-method is-config="true" signature="configAM()[pri:0, instance:com.comast.crm.orgtest.CreateOrganizationTest@76494737]" started-at="2024-06-12T15:35:41 IST" name="configAM" finished-at="2024-06-12T15:35:46 IST" duration-ms="5530" status="PASS">
          <reporter-output>
          </reporter-output>
        </test-method> <!-- configAM -->
        <test-method is-config="true" signature="configAC()[pri:0, instance:com.comast.crm.orgtest.CreateOrganizationTest@76494737]" started-at="2024-06-12T15:35:46 IST" name="configAC" finished-at="2024-06-12T15:36:35 IST" duration-ms="49347" status="PASS">
          <reporter-output>
          </reporter-output>
        </test-method> <!-- configAC -->
        <test-method is-config="true" signature="configAS()[pri:0, instance:com.comast.crm.orgtest.CreateOrganizationTest@76494737]" started-at="2024-06-12T15:36:35 IST" name="configAS" finished-at="2024-06-12T15:37:11 IST" duration-ms="35328" status="PASS">
          <reporter-output>
          </reporter-output>
        </test-method> <!-- configAS -->
      </class> <!-- com.comast.crm.orgtest.CreateOrganizationTest -->
    </test> <!-- Default test -->
  </suite> <!-- Default suite -->
</testng-results>
